app/build/outputs/logs/manifest-merger-debug-report.txt
-- Merging decision tree log ---
manifest
ADDED from src\main\AndroidManifest.xml:2:1-45:12
	package
		ADDED from src\main\AndroidManifest.xml:3:5-28
		INJECTED from src\main\AndroidManifest.xml
		INJECTED from src\main\AndroidManifest.xml
	android:versionName
		ADDED from src\main\AndroidManifest.xml:5:5-31
		INJECTED from src\main\AndroidManifest.xml
		INJECTED from src\main\AndroidManifest.xml
	android:versionCode
		ADDED from src\main\AndroidManifest.xml:4:5-28
		INJECTED from src\main\AndroidManifest.xml
		INJECTED from src\main\AndroidManifest.xml
	xmlns:android
		ADDED from src\main\AndroidManifest.xml:2:11-69
uses-sdk
ADDED from src\main\AndroidManifest.xml:7:5-43
	android:targetSdkVersion
		INJECTED from src\main\AndroidManifest.xml
		INJECTED from src\main\AndroidManifest.xml
	android:minSdkVersion
		ADDED from src\main\AndroidManifest.xml:7:15-40
		INJECTED from src\main\AndroidManifest.xml
		INJECTED from src\main\AndroidManifest.xml
application
ADDED from src\main\AndroidManifest.xml:9:5-31:19
	android:label
		ADDED from src\main\AndroidManifest.xml:11:9-41
	android:icon
		ADDED from src\main\AndroidManifest.xml:10:9-40
activity#com.gemstoned.GemstonedActivity
ADDED from src\main\AndroidManifest.xml:13:9-28:20
	android:screenOrientation
		ADDED from src\main\AndroidManifest.xml:18:13-49
	android:label
		ADDED from src\main\AndroidManifest.xml:15:13-45
	android:stateNotNeeded
		ADDED from src\main\AndroidManifest.xml:16:13-42
	android:launchMode
		ADDED from src\main\AndroidManifest.xml:20:13-48
	android:configChanges
		ADDED from src\main\AndroidManifest.xml:17:13-74
	android:theme
		ADDED from src\main\AndroidManifest.xml:19:13-71
	android:name
		ADDED from src\main\AndroidManifest.xml:14:13-59
intent-filter#android.intent.action.MAIN+android.intent.category.LAUNCHER
ADDED from src\main\AndroidManifest.xml:22:13-27:29
action#android.intent.action.MAIN
ADDED from src\main\AndroidManifest.xml:23:17-69
	android:name
		ADDED from src\main\AndroidManifest.xml:23:25-66
category#android.intent.category.LAUNCHER
ADDED from src\main\AndroidManifest.xml:26:17-77
	android:name
		ADDED from src\main\AndroidManifest.xml:26:27-74
activity#com.google.ads.AdActivity
ADDED from src\main\AndroidManifest.xml:29:1-30:126
	android:configChanges
		ADDED from src\main\AndroidManifest.xml:30:15-124
	android:name
		ADDED from src\main\AndroidManifest.xml:29:11-51
uses-permission#android.permission.INTERNET
ADDED from src\main\AndroidManifest.xml:33:3-64
	android:name
		ADDED from src\main\AndroidManifest.xml:33:20-62
uses-permission#android.permission.ACCESS_NETWORK_STATE
ADDED from src\main\AndroidManifest.xml:34:3-76
	android:name
		ADDED from src\main\AndroidManifest.xml:34:20-74
supports-screens
ADDED from src\main\AndroidManifest.xml:36:5-42:25
	android:largeScreens
		ADDED from src\main\AndroidManifest.xml:39:23-50
	android:smallScreens
		ADDED from src\main\AndroidManifest.xml:37:23-50
	android:normalScreens
		ADDED from src\main\AndroidManifest.xml:38:23-51
	android:xlargeScreens
		ADDED from src\main\AndroidManifest.xml:40:23-51
	android:resizeable
		ADDED from src\main\AndroidManifest.xml:36:23-50
	android:anyDensity
		ADDED from src\main\AndroidManifest.xml:41:23-48